<?xml version="1.0" encoding="UTF-8"?>
<!-- Generated by org.testng.reporters.JUnitXMLReporter -->
<testsuite hostname="Bobs-MBP.fios-router.home" ignored="1" name="HubSpot Functional Regression Test" tests="3" failures="2" timestamp="2020-07-20T23:43:11 EDT" time="10.761" errors="0">
  <testcase name="verifyPageTitleTest" time="4.617" classname="com.qa.hubspot.tests.LoginPageTest"/>
  <testcase name="verifySignUpLink" time="0.033" classname="com.qa.hubspot.tests.LoginPageTest">
    <failure type="java.lang.AssertionError" message="expected [true] but found [false]">
      <![CDATA[java.lang.AssertionError: expected [true] but found [false]
at com.qa.hubspot.tests.LoginPageTest.verifySignUpLink(LoginPageTest.java:61)
at java.util.ArrayList.forEach(ArrayList.java:1257)
... Removed 31 stack frames]]>
    </failure>
  </testcase> <!-- verifySignUpLink -->
  <testcase name="loginTest" time="0.059" classname="com.qa.hubspot.tests.LoginPageTest">
    <failure type="java.lang.AssertionError" message="expected [sanane] but found [null]">
      <![CDATA[java.lang.AssertionError: expected [sanane] but found [null]
at com.qa.hubspot.tests.LoginPageTest.loginTest(LoginPageTest.java:71)
at java.util.ArrayList.forEach(ArrayList.java:1257)
... Removed 33 stack frames]]>
    </failure>
  </testcase> <!-- loginTest -->
  <testcase name="login_invalidTestCase" time="0.0" classname="com.qa.hubspot.tests.LoginPageTest">
    <ignored/>
  </testcase> <!-- login_invalidTestCase -->
</testsuite> <!-- HubSpot Functional Regression Test -->
